<?xml version="1.0" encoding="UTF-8"?>
<!-- Generated by org.testng.reporters.JUnitReportReporter -->
<testsuite hostname="Guhananthans-MacBook-Pro.local" failures="0" tests="1" name="Selenium.Project.CompDatabaseTest" time="7.612" errors="0" timestamp="2023-06-26T13:30:59 IST" skipped="0">
  <testcase classname="Selenium.Project.CompDatabaseTest" name="computerBase" time="7.612"/>
  <system-out/>
</testsuite> <!-- Selenium.Project.CompDatabaseTest -->
